0 info it worked if it ends with ok
1 verbose cli [ 'C:\\Program Files\\nodejs\\\\node.exe',
1 verbose cli   'C:\\Program Files\\nodejs\\node_modules\\npm\\bin\\npm-cli.js',
1 verbose cli   'install',
1 verbose cli   'karma',
1 verbose cli   '--save-dev' ]
2 info using npm@1.4.28
3 info using node@v0.10.32
4 verbose node symlink C:\Program Files\nodejs\\node.exe
5 warn package.json shadowruncombatcalc@0.9.6 No repository field.
6 warn package.json shadowruncombatcalc@0.9.6 No README data
7 verbose readDependencies using package.json deps
8 verbose cache add [ 'karma', null ]
9 verbose cache add name=undefined spec="karma" args=["karma",null]
10 verbose parsed url { protocol: null,
10 verbose parsed url   slashes: null,
10 verbose parsed url   auth: null,
10 verbose parsed url   host: null,
10 verbose parsed url   port: null,
10 verbose parsed url   hostname: null,
10 verbose parsed url   hash: null,
10 verbose parsed url   search: null,
10 verbose parsed url   query: null,
10 verbose parsed url   pathname: 'karma',
10 verbose parsed url   path: 'karma',
10 verbose parsed url   href: 'karma' }
11 silly lockFile 512423cb-karma karma
12 verbose lock karma C:\Users\chrisf\AppData\Roaming\npm-cache\512423cb-karma.lock
13 silly lockFile 512423cb-karma karma
14 silly lockFile 512423cb-karma karma
15 verbose addNamed [ 'karma', '' ]
16 verbose addNamed [ null, '*' ]
17 silly lockFile cd7961bb-karma karma@
18 verbose lock karma@ C:\Users\chrisf\AppData\Roaming\npm-cache\cd7961bb-karma.lock
19 silly addNameRange { name: 'karma', range: '*', hasData: false }
20 verbose request where is /karma
21 verbose request registry https://registry.npmjs.org/
22 verbose request id 520f7b6b4809b630
23 verbose url raw /karma
24 verbose url resolving [ 'https://registry.npmjs.org/', './karma' ]
25 verbose url resolved https://registry.npmjs.org/karma
26 verbose request where is https://registry.npmjs.org/karma
27 info trying registry request attempt 1 at 15:12:51
28 http GET https://registry.npmjs.org/karma
29 info retry will retry, error on last attempt: Error: tunneling socket could not be established, cause=getaddrinfo ENOTFOUND
30 info trying registry request attempt 2 at 15:13:03
31 http GET https://registry.npmjs.org/karma
32 info retry will retry, error on last attempt: Error: tunneling socket could not be established, cause=getaddrinfo ENOTFOUND
33 info trying registry request attempt 3 at 15:14:06
34 http GET https://registry.npmjs.org/karma
35 silly lockFile cd7961bb-karma karma@
36 silly lockFile cd7961bb-karma karma@
37 error network tunneling socket could not be established, cause=getaddrinfo ENOTFOUND
37 error network This is most likely not a problem with npm itself
37 error network and is related to network connectivity.
37 error network In most cases you are behind a proxy or have bad network settings.
37 error network
37 error network If you are behind a proxy, please make sure that the
37 error network 'proxy' config is set properly.  See: 'npm help config'
38 error System Windows_NT 6.1.7601
39 error command "C:\\Program Files\\nodejs\\\\node.exe" "C:\\Program Files\\nodejs\\node_modules\\npm\\bin\\npm-cli.js" "install" "karma" "--save-dev"
40 error cwd C:\projects\git\irlinnovations\ShadowRunCalc\src\app\ShadowrunCombatCalc
41 error node -v v0.10.32
42 error npm -v 1.4.28
43 error code ECONNRESET
44 verbose exit [ 1, true ]
